This file contains any messages produced by compilers while
running configure, to aid debugging if configure makes a mistake.

It was created by expat configure 2.0.1, which was
generated by GNU Autoconf 2.59.  Invocation command line was

  $ ./configure --disable-shared --disable-debug

## --------- ##
## Platform. ##
## --------- ##

hostname = kaosnew.local
uname -m = x86_64
uname -r = 17.7.0
uname -s = Darwin
uname -v = Darwin Kernel Version 17.7.0: Thu Jun 21 22:53:14 PDT 2018; root:xnu-4570.71.2~1/RELEASE_X86_64

/usr/bin/uname -p = i386
/bin/uname -X     = unknown

/bin/arch              = unknown
/usr/bin/arch -k       = unknown
/usr/convex/getsysinfo = unknown
hostinfo               = Mach kernel version:
	 Darwin Kernel Version 17.7.0: Thu Jun 21 22:53:14 PDT 2018; root:xnu-4570.71.2~1/RELEASE_X86_64
Kernel configured for up to 8 processors.
4 processors are physically available.
8 processors are logically available.
Processor type: x86_64h (Intel x86-64h Haswell)
Processors active: 0 1 2 3 4 5 6 7
Primary memory available: 16.00 gigabytes
Default processor set: 457 tasks, 2242 threads, 8 processors
Load average: 2.52, Mach factor: 5.47
/bin/machine           = unknown
/usr/bin/oslevel       = unknown
/bin/universe          = unknown

PATH: /Users/sam/bin
PATH: /usr/local/bin
PATH: /usr/bin
PATH: /bin
PATH: /usr/sbin
PATH: /sbin
PATH: /Library/TeX/texbin
PATH: /opt/X11/bin


## ----------- ##
## Core tests. ##
## ----------- ##

configure:2092: checking build system type
configure:2110: result: i386-apple-darwin17.7.0
configure:2118: checking host system type
configure:2132: result: i386-apple-darwin17.7.0
configure:2186: checking for gcc
configure:2202: found /usr/bin/gcc
configure:2212: result: gcc
configure:2456: checking for C compiler version
configure:2459: gcc --version </dev/null >&5
Configured with: --prefix=/Applications/Xcode9.4.1.app/Contents/Developer/usr --with-gxx-include-dir=/usr/include/c++/4.2.1
Apple LLVM version 9.1.0 (clang-902.0.39.2)
Target: x86_64-apple-darwin17.7.0
Thread model: posix
InstalledDir: /Applications/Xcode9.4.1.app/Contents/Developer/Toolchains/XcodeDefault.xctoolchain/usr/bin
configure:2462: $? = 0
configure:2464: gcc -v </dev/null >&5
Configured with: --prefix=/Applications/Xcode9.4.1.app/Contents/Developer/usr --with-gxx-include-dir=/usr/include/c++/4.2.1
Apple LLVM version 9.1.0 (clang-902.0.39.2)
Target: x86_64-apple-darwin17.7.0
Thread model: posix
InstalledDir: /Applications/Xcode9.4.1.app/Contents/Developer/Toolchains/XcodeDefault.xctoolchain/usr/bin
Found CUDA installation: /usr/local/cuda, version unknown
configure:2467: $? = 0
configure:2469: gcc -V </dev/null >&5
clang: error: argument to '-V' is missing (expected 1 value)
clang: error: no input files
configure:2472: $? = 1
configure:2495: checking for C compiler default output file name
configure:2498: gcc    conftest.c  >&5
configure:2501: $? = 0
configure:2547: result: a.out
configure:2552: checking whether the C compiler works
configure:2558: ./a.out
configure:2561: $? = 0
configure:2578: result: yes
configure:2585: checking whether we are cross compiling
configure:2587: result: no
configure:2590: checking for suffix of executables
configure:2592: gcc -o conftest    conftest.c  >&5
configure:2595: $? = 0
configure:2620: result: 
configure:2626: checking for suffix of object files
configure:2647: gcc -c   conftest.c >&5
configure:2650: $? = 0
configure:2672: result: o
configure:2676: checking whether we are using the GNU C compiler
configure:2700: gcc -c   conftest.c >&5
configure:2706: $? = 0
configure:2710: test -z 
			 || test ! -s conftest.err
configure:2713: $? = 0
configure:2716: test -s conftest.o
configure:2719: $? = 0
configure:2732: result: yes
configure:2738: checking whether gcc accepts -g
configure:2759: gcc -c -g  conftest.c >&5
configure:2765: $? = 0
configure:2769: test -z 
			 || test ! -s conftest.err
configure:2772: $? = 0
configure:2775: test -s conftest.o
configure:2778: $? = 0
configure:2789: result: yes
configure:2806: checking for gcc option to accept ANSI C
configure:2876: gcc  -c -g -O2  conftest.c >&5
configure:2882: $? = 0
configure:2886: test -z 
			 || test ! -s conftest.err
configure:2889: $? = 0
configure:2892: test -s conftest.o
configure:2895: $? = 0
configure:2913: result: none needed
configure:2931: gcc -c -g -O2  conftest.c >&5
conftest.c:2:3: error: unknown type name 'choke'
  choke me
  ^
conftest.c:2:11: error: expected ';' after top level declarator
  choke me
          ^
          ;
2 errors generated.
configure:2937: $? = 1
configure: failed program was:
| #ifndef __cplusplus
|   choke me
| #endif
configure:3070: checking for a sed that does not truncate output
configure:3124: result: /usr/local/bin/gsed
configure:3127: checking for egrep
configure:3137: result: grep -E
configure:3153: checking for ld used by gcc
configure:3220: result: /Applications/Xcode9.4.1.app/Contents/Developer/Toolchains/XcodeDefault.xctoolchain/usr/bin/ld
configure:3229: checking if the linker (/Applications/Xcode9.4.1.app/Contents/Developer/Toolchains/XcodeDefault.xctoolchain/usr/bin/ld) is GNU ld
configure:3244: result: no
configure:3249: checking for /Applications/Xcode9.4.1.app/Contents/Developer/Toolchains/XcodeDefault.xctoolchain/usr/bin/ld option to reload object files
configure:3256: result: -r
configure:3274: checking for BSD-compatible nm
configure:3323: result: /usr/bin/nm -B
configure:3327: checking whether ln -s works
configure:3331: result: yes
configure:3338: checking how to recognise dependent libraries
configure:3514: result: pass_all
configure:3993: checking how to run the C preprocessor
configure:4028: gcc -E  conftest.c
configure:4034: $? = 0
configure:4066: gcc -E  conftest.c
conftest.c:9:10: fatal error: 'ac_nonexistent.h' file not found
#include <ac_nonexistent.h>
         ^~~~~~~~~~~~~~~~~~
1 error generated.
configure:4072: $? = 1
configure: failed program was:
| /* confdefs.h.  */
| 
| #define PACKAGE_NAME "expat"
| #define PACKAGE_TARNAME "expat"
| #define PACKAGE_VERSION "2.0.1"
| #define PACKAGE_STRING "expat 2.0.1"
| #define PACKAGE_BUGREPORT "expat-bugs@libexpat.org"
| /* end confdefs.h.  */
| #include <ac_nonexistent.h>
configure:4111: result: gcc -E
configure:4135: gcc -E  conftest.c
configure:4141: $? = 0
configure:4173: gcc -E  conftest.c
conftest.c:9:10: fatal error: 'ac_nonexistent.h' file not found
#include <ac_nonexistent.h>
         ^~~~~~~~~~~~~~~~~~
1 error generated.
configure:4179: $? = 1
configure: failed program was:
| /* confdefs.h.  */
| 
| #define PACKAGE_NAME "expat"
| #define PACKAGE_TARNAME "expat"
| #define PACKAGE_VERSION "2.0.1"
| #define PACKAGE_STRING "expat 2.0.1"
| #define PACKAGE_BUGREPORT "expat-bugs@libexpat.org"
| /* end confdefs.h.  */
| #include <ac_nonexistent.h>
configure:4223: checking for ANSI C header files
configure:4248: gcc -c -g -O2  conftest.c >&5
configure:4254: $? = 0
configure:4258: test -z 
			 || test ! -s conftest.err
configure:4261: $? = 0
configure:4264: test -s conftest.o
configure:4267: $? = 0
configure:4356: gcc -o conftest -g -O2   conftest.c  >&5
conftest.c:26:7: warning: implicitly declaring library function 'exit' with type 'void (int) __attribute__((noreturn))' [-Wimplicit-function-declaration]
      exit(2);
      ^
conftest.c:26:7: note: include the header <stdlib.h> or explicitly provide a declaration for 'exit'
1 warning generated.
configure:4359: $? = 0
configure:4361: ./conftest
configure:4364: $? = 0
configure:4379: result: yes
configure:4403: checking for sys/types.h
configure:4419: gcc -c -g -O2  conftest.c >&5
configure:4425: $? = 0
configure:4429: test -z 
			 || test ! -s conftest.err
configure:4432: $? = 0
configure:4435: test -s conftest.o
configure:4438: $? = 0
configure:4449: result: yes
configure:4403: checking for sys/stat.h
configure:4419: gcc -c -g -O2  conftest.c >&5
configure:4425: $? = 0
configure:4429: test -z 
			 || test ! -s conftest.err
configure:4432: $? = 0
configure:4435: test -s conftest.o
configure:4438: $? = 0
configure:4449: result: yes
configure:4403: checking for stdlib.h
configure:4419: gcc -c -g -O2  conftest.c >&5
configure:4425: $? = 0
configure:4429: test -z 
			 || test ! -s conftest.err
configure:4432: $? = 0
configure:4435: test -s conftest.o
configure:4438: $? = 0
configure:4449: result: yes
configure:4403: checking for string.h
configure:4419: gcc -c -g -O2  conftest.c >&5
configure:4425: $? = 0
configure:4429: test -z 
			 || test ! -s conftest.err
configure:4432: $? = 0
configure:4435: test -s conftest.o
configure:4438: $? = 0
configure:4449: result: yes
configure:4403: checking for memory.h
configure:4419: gcc -c -g -O2  conftest.c >&5
configure:4425: $? = 0
configure:4429: test -z 
			 || test ! -s conftest.err
configure:4432: $? = 0
configure:4435: test -s conftest.o
configure:4438: $? = 0
configure:4449: result: yes
configure:4403: checking for strings.h
configure:4419: gcc -c -g -O2  conftest.c >&5
configure:4425: $? = 0
configure:4429: test -z 
			 || test ! -s conftest.err
configure:4432: $? = 0
configure:4435: test -s conftest.o
configure:4438: $? = 0
configure:4449: result: yes
configure:4403: checking for inttypes.h
configure:4419: gcc -c -g -O2  conftest.c >&5
configure:4425: $? = 0
configure:4429: test -z 
			 || test ! -s conftest.err
configure:4432: $? = 0
configure:4435: test -s conftest.o
configure:4438: $? = 0
configure:4449: result: yes
configure:4403: checking for stdint.h
configure:4419: gcc -c -g -O2  conftest.c >&5
configure:4425: $? = 0
configure:4429: test -z 
			 || test ! -s conftest.err
configure:4432: $? = 0
configure:4435: test -s conftest.o
configure:4438: $? = 0
configure:4449: result: yes
configure:4403: checking for unistd.h
configure:4419: gcc -c -g -O2  conftest.c >&5
configure:4425: $? = 0
configure:4429: test -z 
			 || test ! -s conftest.err
configure:4432: $? = 0
configure:4435: test -s conftest.o
configure:4438: $? = 0
configure:4449: result: yes
configure:4475: checking dlfcn.h usability
configure:4487: gcc -c -g -O2  conftest.c >&5
configure:4493: $? = 0
configure:4497: test -z 
			 || test ! -s conftest.err
configure:4500: $? = 0
configure:4503: test -s conftest.o
configure:4506: $? = 0
configure:4516: result: yes
configure:4520: checking dlfcn.h presence
configure:4530: gcc -E  conftest.c
configure:4536: $? = 0
configure:4556: result: yes
configure:4591: checking for dlfcn.h
configure:4598: result: yes
configure:4663: checking for g++
configure:4679: found /usr/bin/g++
configure:4689: result: g++
configure:4705: checking for C++ compiler version
configure:4708: g++ --version </dev/null >&5
Configured with: --prefix=/Applications/Xcode9.4.1.app/Contents/Developer/usr --with-gxx-include-dir=/usr/include/c++/4.2.1
Apple LLVM version 9.1.0 (clang-902.0.39.2)
Target: x86_64-apple-darwin17.7.0
Thread model: posix
InstalledDir: /Applications/Xcode9.4.1.app/Contents/Developer/Toolchains/XcodeDefault.xctoolchain/usr/bin
configure:4711: $? = 0
configure:4713: g++ -v </dev/null >&5
Configured with: --prefix=/Applications/Xcode9.4.1.app/Contents/Developer/usr --with-gxx-include-dir=/usr/include/c++/4.2.1
Apple LLVM version 9.1.0 (clang-902.0.39.2)
Target: x86_64-apple-darwin17.7.0
Thread model: posix
InstalledDir: /Applications/Xcode9.4.1.app/Contents/Developer/Toolchains/XcodeDefault.xctoolchain/usr/bin
Found CUDA installation: /usr/local/cuda, version unknown
configure:4716: $? = 0
configure:4718: g++ -V </dev/null >&5
clang: error: argument to '-V' is missing (expected 1 value)
clang: error: no input files
configure:4721: $? = 1
configure:4724: checking whether we are using the GNU C++ compiler
configure:4748: g++ -c   conftest.cc >&5
configure:4754: $? = 0
configure:4758: test -z 
			 || test ! -s conftest.err
configure:4761: $? = 0
configure:4764: test -s conftest.o
configure:4767: $? = 0
configure:4780: result: yes
configure:4786: checking whether g++ accepts -g
configure:4807: g++ -c -g  conftest.cc >&5
configure:4813: $? = 0
configure:4817: test -z 
			 || test ! -s conftest.err
configure:4820: $? = 0
configure:4823: test -s conftest.o
configure:4826: $? = 0
configure:4837: result: yes
configure:4879: g++ -c -g -O2  conftest.cc >&5
configure:4885: $? = 0
configure:4889: test -z 
			 || test ! -s conftest.err
configure:4892: $? = 0
configure:4895: test -s conftest.o
configure:4898: $? = 0
configure:4924: g++ -c -g -O2  conftest.cc >&5
conftest.cc:24:1: error: use of undeclared identifier 'exit'
exit (42);
^
1 error generated.
configure:4930: $? = 1
configure: failed program was:
| /* confdefs.h.  */
| 
| #define PACKAGE_NAME "expat"
| #define PACKAGE_TARNAME "expat"
| #define PACKAGE_VERSION "2.0.1"
| #define PACKAGE_STRING "expat 2.0.1"
| #define PACKAGE_BUGREPORT "expat-bugs@libexpat.org"
| #define STDC_HEADERS 1
| #define HAVE_SYS_TYPES_H 1
| #define HAVE_SYS_STAT_H 1
| #define HAVE_STDLIB_H 1
| #define HAVE_STRING_H 1
| #define HAVE_MEMORY_H 1
| #define HAVE_STRINGS_H 1
| #define HAVE_INTTYPES_H 1
| #define HAVE_STDINT_H 1
| #define HAVE_UNISTD_H 1
| #define HAVE_DLFCN_H 1
| /* end confdefs.h.  */
| 
| int
| main ()
| {
| exit (42);
|   ;
|   return 0;
| }
configure:4879: g++ -c -g -O2  conftest.cc >&5
conftest.cc:20:17: error: use of undeclared identifier 'std'
extern "C" void std::exit (int) throw (); using std::exit;
                ^
conftest.cc:20:49: error: use of undeclared identifier 'std'
extern "C" void std::exit (int) throw (); using std::exit;
                                                ^
2 errors generated.
configure:4885: $? = 1
configure: failed program was:
| /* confdefs.h.  */
| 
| #define PACKAGE_NAME "expat"
| #define PACKAGE_TARNAME "expat"
| #define PACKAGE_VERSION "2.0.1"
| #define PACKAGE_STRING "expat 2.0.1"
| #define PACKAGE_BUGREPORT "expat-bugs@libexpat.org"
| #define STDC_HEADERS 1
| #define HAVE_SYS_TYPES_H 1
| #define HAVE_SYS_STAT_H 1
| #define HAVE_STDLIB_H 1
| #define HAVE_STRING_H 1
| #define HAVE_MEMORY_H 1
| #define HAVE_STRINGS_H 1
| #define HAVE_INTTYPES_H 1
| #define HAVE_STDINT_H 1
| #define HAVE_UNISTD_H 1
| #define HAVE_DLFCN_H 1
| /* end confdefs.h.  */
| extern "C" void std::exit (int) throw (); using std::exit;
| #include <stdlib.h>
| int
| main ()
| {
| exit (42);
|   ;
|   return 0;
| }
configure:4879: g++ -c -g -O2  conftest.cc >&5
conftest.cc:20:17: error: use of undeclared identifier 'std'
extern "C" void std::exit (int); using std::exit;
                ^
conftest.cc:20:40: error: use of undeclared identifier 'std'
extern "C" void std::exit (int); using std::exit;
                                       ^
2 errors generated.
configure:4885: $? = 1
configure: failed program was:
| /* confdefs.h.  */
| 
| #define PACKAGE_NAME "expat"
| #define PACKAGE_TARNAME "expat"
| #define PACKAGE_VERSION "2.0.1"
| #define PACKAGE_STRING "expat 2.0.1"
| #define PACKAGE_BUGREPORT "expat-bugs@libexpat.org"
| #define STDC_HEADERS 1
| #define HAVE_SYS_TYPES_H 1
| #define HAVE_SYS_STAT_H 1
| #define HAVE_STDLIB_H 1
| #define HAVE_STRING_H 1
| #define HAVE_MEMORY_H 1
| #define HAVE_STRINGS_H 1
| #define HAVE_INTTYPES_H 1
| #define HAVE_STDINT_H 1
| #define HAVE_UNISTD_H 1
| #define HAVE_DLFCN_H 1
| /* end confdefs.h.  */
| extern "C" void std::exit (int); using std::exit;
| #include <stdlib.h>
| int
| main ()
| {
| exit (42);
|   ;
|   return 0;
| }
configure:4879: g++ -c -g -O2  conftest.cc >&5
In file included from conftest.cc:21:
In file included from /Applications/Xcode9.4.1.app/Contents/Developer/Toolchains/XcodeDefault.xctoolchain/usr/include/c++/v1/stdlib.h:94:
/usr/include/stdlib.h:150:7: error: 'exit' is missing exception specification 'throw()'
void     exit(int) __dead2;
         ^
conftest.cc:20:17: note: previous declaration is here
extern "C" void exit (int) throw ();
                ^
1 error generated.
configure:4885: $? = 1
configure: failed program was:
| /* confdefs.h.  */
| 
| #define PACKAGE_NAME "expat"
| #define PACKAGE_TARNAME "expat"
| #define PACKAGE_VERSION "2.0.1"
| #define PACKAGE_STRING "expat 2.0.1"
| #define PACKAGE_BUGREPORT "expat-bugs@libexpat.org"
| #define STDC_HEADERS 1
| #define HAVE_SYS_TYPES_H 1
| #define HAVE_SYS_STAT_H 1
| #define HAVE_STDLIB_H 1
| #define HAVE_STRING_H 1
| #define HAVE_MEMORY_H 1
| #define HAVE_STRINGS_H 1
| #define HAVE_INTTYPES_H 1
| #define HAVE_STDINT_H 1
| #define HAVE_UNISTD_H 1
| #define HAVE_DLFCN_H 1
| /* end confdefs.h.  */
| extern "C" void exit (int) throw ();
| #include <stdlib.h>
| int
| main ()
| {
| exit (42);
|   ;
|   return 0;
| }
configure:4879: g++ -c -g -O2  conftest.cc >&5
configure:4885: $? = 0
configure:4889: test -z 
			 || test ! -s conftest.err
configure:4892: $? = 0
configure:4895: test -s conftest.o
configure:4898: $? = 0
configure:4924: g++ -c -g -O2  conftest.cc >&5
configure:4930: $? = 0
configure:4934: test -z 
			 || test ! -s conftest.err
configure:4937: $? = 0
configure:4940: test -s conftest.o
configure:4943: $? = 0
configure:4976: checking how to run the C++ preprocessor
configure:5007: g++ -E  conftest.cc
configure:5013: $? = 0
configure:5045: g++ -E  conftest.cc
conftest.cc:23:10: fatal error: 'ac_nonexistent.h' file not found
#include <ac_nonexistent.h>
         ^~~~~~~~~~~~~~~~~~
1 error generated.
configure:5051: $? = 1
configure: failed program was:
| /* confdefs.h.  */
| 
| #define PACKAGE_NAME "expat"
| #define PACKAGE_TARNAME "expat"
| #define PACKAGE_VERSION "2.0.1"
| #define PACKAGE_STRING "expat 2.0.1"
| #define PACKAGE_BUGREPORT "expat-bugs@libexpat.org"
| #define STDC_HEADERS 1
| #define HAVE_SYS_TYPES_H 1
| #define HAVE_SYS_STAT_H 1
| #define HAVE_STDLIB_H 1
| #define HAVE_STRING_H 1
| #define HAVE_MEMORY_H 1
| #define HAVE_STRINGS_H 1
| #define HAVE_INTTYPES_H 1
| #define HAVE_STDINT_H 1
| #define HAVE_UNISTD_H 1
| #define HAVE_DLFCN_H 1
| #ifdef __cplusplus
| extern "C" void exit (int);
| #endif
| /* end confdefs.h.  */
| #include <ac_nonexistent.h>
configure:5090: result: g++ -E
configure:5114: g++ -E  conftest.cc
configure:5120: $? = 0
configure:5152: g++ -E  conftest.cc
conftest.cc:23:10: fatal error: 'ac_nonexistent.h' file not found
#include <ac_nonexistent.h>
         ^~~~~~~~~~~~~~~~~~
1 error generated.
configure:5158: $? = 1
configure: failed program was:
| /* confdefs.h.  */
| 
| #define PACKAGE_NAME "expat"
| #define PACKAGE_TARNAME "expat"
| #define PACKAGE_VERSION "2.0.1"
| #define PACKAGE_STRING "expat 2.0.1"
| #define PACKAGE_BUGREPORT "expat-bugs@libexpat.org"
| #define STDC_HEADERS 1
| #define HAVE_SYS_TYPES_H 1
| #define HAVE_SYS_STAT_H 1
| #define HAVE_STDLIB_H 1
| #define HAVE_STRING_H 1
| #define HAVE_MEMORY_H 1
| #define HAVE_STRINGS_H 1
| #define HAVE_INTTYPES_H 1
| #define HAVE_STDINT_H 1
| #define HAVE_UNISTD_H 1
| #define HAVE_DLFCN_H 1
| #ifdef __cplusplus
| extern "C" void exit (int);
| #endif
| /* end confdefs.h.  */
| #include <ac_nonexistent.h>
configure:5255: checking for g77
configure:5284: result: no
configure:5255: checking for f77
configure:5284: result: no
configure:5255: checking for xlf
configure:5284: result: no
configure:5255: checking for frt
configure:5284: result: no
configure:5255: checking for pgf77
configure:5284: result: no
configure:5255: checking for fort77
configure:5284: result: no
configure:5255: checking for fl32
configure:5284: result: no
configure:5255: checking for af77
configure:5284: result: no
configure:5255: checking for f90
configure:5284: result: no
configure:5255: checking for xlf90
configure:5284: result: no
configure:5255: checking for pgf90
configure:5284: result: no
configure:5255: checking for epcf90
configure:5284: result: no
configure:5255: checking for f95
configure:5284: result: no
configure:5255: checking for fort
configure:5284: result: no
configure:5255: checking for xlf95
configure:5284: result: no
configure:5255: checking for ifc
configure:5284: result: no
configure:5255: checking for efc
configure:5284: result: no
configure:5255: checking for pgf95
configure:5284: result: no
configure:5255: checking for lf95
configure:5284: result: no
configure:5255: checking for gfortran
configure:5271: found /usr/local/bin/gfortran
configure:5281: result: gfortran
configure:5296: checking for Fortran 77 compiler version
configure:5299: gfortran --version </dev/null >&5
GNU Fortran (Homebrew GCC 9.2.0_3) 9.2.0
Copyright (C) 2019 Free Software Foundation, Inc.
This is free software; see the source for copying conditions.  There is NO
warranty; not even for MERCHANTABILITY or FITNESS FOR A PARTICULAR PURPOSE.

configure:5302: $? = 0
configure:5304: gfortran -v </dev/null >&5
Using built-in specs.
COLLECT_GCC=gfortran
COLLECT_LTO_WRAPPER=/usr/local/Cellar/gcc/9.2.0_3/libexec/gcc/x86_64-apple-darwin17/9.2.0/lto-wrapper
Target: x86_64-apple-darwin17
Configured with: ../configure --build=x86_64-apple-darwin17 --prefix=/usr/local/Cellar/gcc/9.2.0_3 --libdir=/usr/local/Cellar/gcc/9.2.0_3/lib/gcc/9 --disable-nls --enable-checking=release --enable-languages=c,c++,objc,obj-c++,fortran --program-suffix=-9 --with-gmp=/usr/local/opt/gmp --with-mpfr=/usr/local/opt/mpfr --with-mpc=/usr/local/opt/libmpc --with-isl=/usr/local/opt/isl --with-system-zlib --with-pkgversion='Homebrew GCC 9.2.0_3' --with-bugurl=https://github.com/Homebrew/homebrew-core/issues --disable-multilib
Thread model: posix
gcc version 9.2.0 (Homebrew GCC 9.2.0_3) 
configure:5307: $? = 0
configure:5309: gfortran -V </dev/null >&5
gfortran: error: unrecognized command line option '-V'
gfortran: fatal error: no input files
compilation terminated.
configure:5312: $? = 1
configure:5320: checking whether we are using the GNU Fortran 77 compiler
configure:5334: gfortran -c  conftest.F >&5
configure:5340: $? = 0
configure:5344: test -z 
			 || test ! -s conftest.err
configure:5347: $? = 0
configure:5350: test -s conftest.o
configure:5353: $? = 0
configure:5366: result: yes
configure:5372: checking whether gfortran accepts -g
configure:5384: gfortran -c -g conftest.f >&5
configure:5390: $? = 0
configure:5394: test -z 
			 || test ! -s conftest.err
configure:5397: $? = 0
configure:5400: test -s conftest.o
configure:5403: $? = 0
configure:5415: result: yes
configure:5445: checking the maximum length of command line arguments
configure:5554: result: 196608
configure:5565: checking command to parse /usr/bin/nm -B output from gcc object
configure:5670: gcc -c -g -O2  conftest.c >&5
configure:5673: $? = 0
configure:5677: /usr/bin/nm -B conftest.o \| sed -n -e 's/^.*[ 	]\([BCDEGRST][BCDEGRST]*\)[ 	][ 	]*\([_A-Za-z][_A-Za-z0-9]*\)$/\1 \2 \2/p' \> conftest.nm
configure:5680: $? = 0
cannot find nm_test_var in conftest.nm
configure:5670: gcc -c -g -O2  conftest.c >&5
configure:5673: $? = 0
configure:5677: /usr/bin/nm -B conftest.o \| sed -n -e 's/^.*[ 	]\([BCDEGRST][BCDEGRST]*\)[ 	][ 	]*_\([_A-Za-z][_A-Za-z0-9]*\)$/\1 _\2 \2/p' \> conftest.nm
configure:5680: $? = 0
configure:5732: gcc -o conftest -g -O2   conftest.c conftstm.o >&5
warning: (x86_64)  could not find object file symbol for symbol _main
configure:5735: $? = 0
configure:5773: result: ok
configure:5777: checking for objdir
configure:5792: result: .libs
configure:5882: checking for ar
configure:5898: found /usr/bin/ar
configure:5909: result: ar
configure:5962: checking for ranlib
configure:5978: found /usr/bin/ranlib
configure:5989: result: ranlib
configure:6042: checking for strip
configure:6058: found /usr/bin/strip
configure:6069: result: strip
configure:6345: checking if gcc supports -fno-rtti -fno-exceptions
configure:6363: gcc -c -g -O2  -fno-rtti -fno-exceptions conftest.c >&5
configure:6367: $? = 0
configure:6380: result: yes
configure:6395: checking for gcc option to produce PIC
configure:6605: result: -fno-common
configure:6613: checking if gcc PIC flag -fno-common works
configure:6631: gcc -c -g -O2  -fno-common -DPIC conftest.c >&5
configure:6635: $? = 0
configure:6648: result: yes
configure:6676: checking if gcc static flag -static works
configure:6704: result: no
configure:6714: checking if gcc supports -c -o file.o
configure:6735: gcc -c -g -O2  -o out/conftest2.o conftest.c >&5
configure:6739: $? = 0
configure:6761: result: yes
configure:6787: checking whether the gcc linker (/Applications/Xcode9.4.1.app/Contents/Developer/Toolchains/XcodeDefault.xctoolchain/usr/bin/ld) supports shared libraries
configure:7745: result: yes
configure:7812: checking dynamic linker characteristics
configure:8400: result: darwin17.7.0 dyld
configure:8409: checking how to hardcode library paths into programs
configure:8434: result: immediate
configure:8448: checking whether stripping libraries is possible
configure:8461: result: yes
configure:9287: checking if libtool supports shared libraries
configure:9289: result: yes
configure:9292: checking whether to build shared libraries
configure:9313: result: no
configure:9316: checking whether to build static libraries
configure:9320: result: yes
configure:9412: creating libtool
configure:10000: checking for ld used by g++
configure:10067: result: /Applications/Xcode9.4.1.app/Contents/Developer/Toolchains/XcodeDefault.xctoolchain/usr/bin/ld
configure:10076: checking if the linker (/Applications/Xcode9.4.1.app/Contents/Developer/Toolchains/XcodeDefault.xctoolchain/usr/bin/ld) is GNU ld
configure:10091: result: no
configure:10142: checking whether the g++ linker (/Applications/Xcode9.4.1.app/Contents/Developer/Toolchains/XcodeDefault.xctoolchain/usr/bin/ld) supports shared libraries
configure:11080: result: yes
configure:11102: g++ -c -g -O2  conftest.cpp >&5
configure:11105: $? = 0
configure:11224: checking for g++ option to produce PIC
configure:11498: result: -fno-common
configure:11506: checking if g++ PIC flag -fno-common works
configure:11524: g++ -c -g -O2  -fno-common -DPIC conftest.cpp >&5
configure:11528: $? = 0
configure:11541: result: yes
configure:11569: checking if g++ static flag -static works
configure:11597: result: no
configure:11607: checking if g++ supports -c -o file.o
configure:11628: g++ -c -g -O2  -o out/conftest2.o conftest.cpp >&5
configure:11632: $? = 0
configure:11654: result: yes
configure:11680: checking whether the g++ linker (/Applications/Xcode9.4.1.app/Contents/Developer/Toolchains/XcodeDefault.xctoolchain/usr/bin/ld) supports shared libraries
configure:11705: result: yes
configure:11772: checking dynamic linker characteristics
configure:12360: result: darwin17.7.0 dyld
configure:12369: checking how to hardcode library paths into programs
configure:12394: result: immediate
configure:12920: checking if libtool supports shared libraries
configure:12922: result: yes
configure:12925: checking whether to build shared libraries
configure:12945: result: no
configure:12948: checking whether to build static libraries
configure:12952: result: yes
configure:12962: checking for gfortran option to produce PIC
configure:13172: result: -fno-common
configure:13180: checking if gfortran PIC flag -fno-common works
configure:13198: gfortran -c -g -O2 -fno-common conftest.f >&5
configure:13202: $? = 0
configure:13215: result: yes
configure:13243: checking if gfortran static flag -static works
configure:13271: result: no
configure:13281: checking if gfortran supports -c -o file.o
configure:13302: gfortran -c -g -O2 -o out/conftest2.o conftest.f >&5
configure:13306: $? = 0
configure:13328: result: yes
configure:13354: checking whether the gfortran linker (/Applications/Xcode9.4.1.app/Contents/Developer/Toolchains/XcodeDefault.xctoolchain/usr/bin/ld) supports shared libraries
configure:14292: result: yes
configure:14359: checking dynamic linker characteristics
configure:14947: result: darwin17.7.0 dyld
configure:14956: checking how to hardcode library paths into programs
configure:14981: result: immediate
configure:18599: checking for gcc
configure:18625: result: gcc
configure:18869: checking for C compiler version
configure:18872: gcc --version </dev/null >&5
Configured with: --prefix=/Applications/Xcode9.4.1.app/Contents/Developer/usr --with-gxx-include-dir=/usr/include/c++/4.2.1
Apple LLVM version 9.1.0 (clang-902.0.39.2)
Target: x86_64-apple-darwin17.7.0
Thread model: posix
InstalledDir: /Applications/Xcode9.4.1.app/Contents/Developer/Toolchains/XcodeDefault.xctoolchain/usr/bin
configure:18875: $? = 0
configure:18877: gcc -v </dev/null >&5
Configured with: --prefix=/Applications/Xcode9.4.1.app/Contents/Developer/usr --with-gxx-include-dir=/usr/include/c++/4.2.1
Apple LLVM version 9.1.0 (clang-902.0.39.2)
Target: x86_64-apple-darwin17.7.0
Thread model: posix
InstalledDir: /Applications/Xcode9.4.1.app/Contents/Developer/Toolchains/XcodeDefault.xctoolchain/usr/bin
Found CUDA installation: /usr/local/cuda, version unknown
configure:18880: $? = 0
configure:18882: gcc -V </dev/null >&5
clang: error: argument to '-V' is missing (expected 1 value)
clang: error: no input files
configure:18885: $? = 1
configure:18888: checking whether we are using the GNU C compiler
configure:18944: result: yes
configure:18950: checking whether gcc accepts -g
configure:19001: result: yes
configure:19018: checking for gcc option to accept ANSI C
configure:19125: result: none needed
configure:19143: gcc -c -g -O2  conftest.c >&5
conftest.c:2:3: error: unknown type name 'choke'
  choke me
  ^
conftest.c:2:11: error: expected ';' after top level declarator
  choke me
          ^
          ;
2 errors generated.
configure:19149: $? = 1
configure: failed program was:
| #ifndef __cplusplus
|   choke me
| #endif
configure:19295: checking for a BSD-compatible install
configure:19350: result: /usr/local/bin/ginstall -c
configure:19365: checking whether gcc accepts -fexceptions
configure:19383: gcc -o conftest -g -O2 -Wall -Wmissing-prototypes -Wstrict-prototypes -fexceptions   conftest.c  >&5
configure:19389: $? = 0
configure:19393: test -z 
			 || test ! -s conftest.err
configure:19396: $? = 0
configure:19399: test -s conftest
configure:19402: $? = 0
configure:19404: result: yes
configure:19418: checking for ANSI C header files
configure:19574: result: yes
configure:19586: checking whether byte ordering is bigendian
configure:19613: gcc -c -g -O2 -Wall -Wmissing-prototypes -Wstrict-prototypes -fexceptions  conftest.c >&5
configure:19619: $? = 0
configure:19623: test -z 
			 || test ! -s conftest.err
configure:19626: $? = 0
configure:19629: test -s conftest.o
configure:19632: $? = 0
configure:19655: gcc -c -g -O2 -Wall -Wmissing-prototypes -Wstrict-prototypes -fexceptions  conftest.c >&5
conftest.c:31:2: error: use of undeclared identifier 'not'
 not big endian
 ^
1 error generated.
configure:19661: $? = 1
configure: failed program was:
| /* confdefs.h.  */
| 
| #define PACKAGE_NAME "expat"
| #define PACKAGE_TARNAME "expat"
| #define PACKAGE_VERSION "2.0.1"
| #define PACKAGE_STRING "expat 2.0.1"
| #define PACKAGE_BUGREPORT "expat-bugs@libexpat.org"
| #define STDC_HEADERS 1
| #define HAVE_SYS_TYPES_H 1
| #define HAVE_SYS_STAT_H 1
| #define HAVE_STDLIB_H 1
| #define HAVE_STRING_H 1
| #define HAVE_MEMORY_H 1
| #define HAVE_STRINGS_H 1
| #define HAVE_INTTYPES_H 1
| #define HAVE_STDINT_H 1
| #define HAVE_UNISTD_H 1
| #define HAVE_DLFCN_H 1
| #ifdef __cplusplus
| extern "C" void exit (int);
| #endif
| #define STDC_HEADERS 1
| /* end confdefs.h.  */
| #include <sys/types.h>
| #include <sys/param.h>
| int
| main ()
| {
| 
| #if BYTE_ORDER != BIG_ENDIAN
|  not big endian
| #endif
|   ;
|   return 0;
| }
configure:19735: result: no
configure:19792: checking for an ANSI C-conforming const
configure:19859: gcc -c -g -O2 -Wall -Wmissing-prototypes -Wstrict-prototypes -fexceptions  conftest.c >&5
conftest.c:52:17: warning: unused variable 's' [-Wunused-variable]
    char const *s = 0 ? (char *) 0 : (char const *) 0;
                ^
conftest.c:72:15: warning: unused variable 'foo' [-Wunused-variable]
    const int foo = 10;
              ^
conftest.c:33:17: warning: unused variable 'x' [-Wunused-variable]
  const charset x;
                ^
conftest.c:39:29: warning: unused variable 'zero' [-Wunused-variable]
  static struct point const zero = {0,0};
                            ^
conftest.c:54:6: warning: variable 't' is uninitialized when used here [-Wuninitialized]
    *t++ = 0;
     ^
conftest.c:51:12: note: initialize the variable 't' to silence this warning
    char *t;
           ^
            = 0
conftest.c:69:18: warning: variable 'b' is uninitialized when used here [-Wuninitialized]
    struct s *b; b->j = 5;
                 ^
conftest.c:69:16: note: initialize the variable 'b' to silence this warning
    struct s *b; b->j = 5;
               ^
                = 0
6 warnings generated.
configure:19865: $? = 0
configure:19869: test -z 
			 || test ! -s conftest.err
configure:19872: $? = 0
configure:19875: test -s conftest.o
configure:19878: $? = 0
configure:19889: result: yes
configure:19899: checking for size_t
configure:19923: gcc -c -g -O2 -Wall -Wmissing-prototypes -Wstrict-prototypes -fexceptions  conftest.c >&5
configure:19929: $? = 0
configure:19933: test -z 
			 || test ! -s conftest.err
configure:19936: $? = 0
configure:19939: test -s conftest.o
configure:19942: $? = 0
configure:19953: result: yes
configure:19970: checking for memmove
configure:20027: gcc -o conftest -g -O2 -Wall -Wmissing-prototypes -Wstrict-prototypes -fexceptions   conftest.c  >&5
conftest.c:49:14: warning: this function declaration is not a prototype [-Wstrict-prototypes]
char memmove ();
             ^
              void
conftest.c:49:6: warning: incompatible redeclaration of library function 'memmove' [-Wincompatible-library-redeclaration]
char memmove ();
     ^
conftest.c:49:6: note: 'memmove' is a builtin with type 'void *(void *, const void *, unsigned long)'
conftest.c:56:11: warning: this function declaration is not a prototype [-Wstrict-prototypes]
char (*f) () = memmove;
          ^
           void
3 warnings generated.
configure:20033: $? = 0
configure:20037: test -z 
			 || test ! -s conftest.err
configure:20040: $? = 0
configure:20043: test -s conftest
configure:20046: $? = 0
configure:20058: result: yes
configure:19970: checking for bcopy
configure:20027: gcc -o conftest -g -O2 -Wall -Wmissing-prototypes -Wstrict-prototypes -fexceptions   conftest.c  >&5
conftest.c:50:12: warning: this function declaration is not a prototype [-Wstrict-prototypes]
char bcopy ();
           ^
            void
conftest.c:57:11: warning: this function declaration is not a prototype [-Wstrict-prototypes]
char (*f) () = bcopy;
          ^
           void
2 warnings generated.
configure:20033: $? = 0
configure:20037: test -z 
			 || test ! -s conftest.err
configure:20040: $? = 0
configure:20043: test -s conftest
configure:20046: $? = 0
configure:20058: result: yes
configure:20084: checking fcntl.h usability
configure:20096: gcc -c -g -O2 -Wall -Wmissing-prototypes -Wstrict-prototypes -fexceptions  conftest.c >&5
configure:20102: $? = 0
configure:20106: test -z 
			 || test ! -s conftest.err
configure:20109: $? = 0
configure:20112: test -s conftest.o
configure:20115: $? = 0
configure:20125: result: yes
configure:20129: checking fcntl.h presence
configure:20139: gcc -E  conftest.c
configure:20145: $? = 0
configure:20165: result: yes
configure:20200: checking for fcntl.h
configure:20207: result: yes
configure:20075: checking for unistd.h
configure:20080: result: yes
configure:20220: checking for off_t
configure:20244: gcc -c -g -O2 -Wall -Wmissing-prototypes -Wstrict-prototypes -fexceptions  conftest.c >&5
configure:20250: $? = 0
configure:20254: test -z 
			 || test ! -s conftest.err
configure:20257: $? = 0
configure:20260: test -s conftest.o
configure:20263: $? = 0
configure:20274: result: yes
configure:20292: checking for stdlib.h
configure:20297: result: yes
configure:20292: checking for unistd.h
configure:20297: result: yes
configure:20441: checking for getpagesize
configure:20498: gcc -o conftest -g -O2 -Wall -Wmissing-prototypes -Wstrict-prototypes -fexceptions   conftest.c  >&5
conftest.c:55:18: warning: this function declaration is not a prototype [-Wstrict-prototypes]
char getpagesize ();
                 ^
                  void
conftest.c:62:11: warning: this function declaration is not a prototype [-Wstrict-prototypes]
char (*f) () = getpagesize;
          ^
           void
2 warnings generated.
configure:20504: $? = 0
configure:20508: test -z 
			 || test ! -s conftest.err
configure:20511: $? = 0
configure:20514: test -s conftest
configure:20517: $? = 0
configure:20529: result: yes
configure:20539: checking for working mmap
configure:20681: gcc -o conftest -g -O2 -Wall -Wmissing-prototypes -Wstrict-prototypes -fexceptions   conftest.c  >&5
configure:20684: $? = 0
configure:20686: ./conftest
configure:20689: $? = 0
configure:20703: result: yes
configure:20731: checking for an ANSI C99-conforming __func__
configure:20752: gcc -c -g -O2 -Wall -Wmissing-prototypes -Wstrict-prototypes -fexceptions  conftest.c >&5
conftest.c:37:7: warning: initializing 'char *' with an expression of type 'const char [5]' discards qualifiers [-Wincompatible-pointer-types-discards-qualifiers]
char *foo = __func__;
      ^     ~~~~~~~~
conftest.c:37:7: warning: unused variable 'foo' [-Wunused-variable]
2 warnings generated.
configure:20758: $? = 0
configure:20762: test -z 
			 || test ! -s conftest.err
configure:20765: $? = 0
configure:20768: test -s conftest.o
configure:20771: $? = 0
configure:20826: result: yes
configure:20957: creating ./config.status

## ---------------------- ##
## Running config.status. ##
## ---------------------- ##

This file was extended by expat config.status 2.0.1, which was
generated by GNU Autoconf 2.59.  Invocation command line was

  CONFIG_FILES    = 
  CONFIG_HEADERS  = 
  CONFIG_LINKS    = 
  CONFIG_COMMANDS = 
  $ ./config.status 

on kaosnew.local

config.status:683: creating Makefile
config.status:787: creating expat_config.h

## ---------------- ##
## Cache variables. ##
## ---------------- ##

ac_cv_build=i386-apple-darwin17.7.0
ac_cv_build_alias=i386-apple-darwin17.7.0
ac_cv_c_bigendian=no
ac_cv_c_compiler_gnu=yes
ac_cv_c_const=yes
ac_cv_cpp_func=yes
ac_cv_cxx_compiler_gnu=yes
ac_cv_env_CC_set=
ac_cv_env_CC_value=
ac_cv_env_CFLAGS_set=
ac_cv_env_CFLAGS_value=
ac_cv_env_CPPFLAGS_set=
ac_cv_env_CPPFLAGS_value=
ac_cv_env_CPP_set=
ac_cv_env_CPP_value=
ac_cv_env_CXXCPP_set=
ac_cv_env_CXXCPP_value=
ac_cv_env_CXXFLAGS_set=
ac_cv_env_CXXFLAGS_value=
ac_cv_env_CXX_set=
ac_cv_env_CXX_value=
ac_cv_env_F77_set=
ac_cv_env_F77_value=
ac_cv_env_FFLAGS_set=
ac_cv_env_FFLAGS_value=
ac_cv_env_LDFLAGS_set=
ac_cv_env_LDFLAGS_value=
ac_cv_env_build_alias_set=
ac_cv_env_build_alias_value=
ac_cv_env_host_alias_set=
ac_cv_env_host_alias_value=
ac_cv_env_target_alias_set=
ac_cv_env_target_alias_value=
ac_cv_exeext=
ac_cv_f77_compiler_gnu=yes
ac_cv_func_bcopy=yes
ac_cv_func_getpagesize=yes
ac_cv_func_memmove=yes
ac_cv_func_mmap_fixed_mapped=yes
ac_cv_header_dlfcn_h=yes
ac_cv_header_fcntl_h=yes
ac_cv_header_inttypes_h=yes
ac_cv_header_memory_h=yes
ac_cv_header_stdc=yes
ac_cv_header_stdint_h=yes
ac_cv_header_stdlib_h=yes
ac_cv_header_string_h=yes
ac_cv_header_strings_h=yes
ac_cv_header_sys_stat_h=yes
ac_cv_header_sys_types_h=yes
ac_cv_header_unistd_h=yes
ac_cv_host=i386-apple-darwin17.7.0
ac_cv_host_alias=i386-apple-darwin17.7.0
ac_cv_objext=o
ac_cv_path_install='/usr/local/bin/ginstall -c'
ac_cv_prog_CPP='gcc -E'
ac_cv_prog_CXXCPP='g++ -E'
ac_cv_prog_ac_ct_AR=ar
ac_cv_prog_ac_ct_CC=gcc
ac_cv_prog_ac_ct_CXX=g++
ac_cv_prog_ac_ct_F77=gfortran
ac_cv_prog_ac_ct_RANLIB=ranlib
ac_cv_prog_ac_ct_STRIP=strip
ac_cv_prog_cc_g=yes
ac_cv_prog_cc_stdc=
ac_cv_prog_cxx_g=yes
ac_cv_prog_egrep='grep -E'
ac_cv_prog_f77_g=yes
ac_cv_type_off_t=yes
ac_cv_type_size_t=yes
lt_cv_deplibs_check_method=pass_all
lt_cv_file_magic_cmd='$MAGIC_CMD'
lt_cv_file_magic_test_file=
lt_cv_ld_reload_flag=-r
lt_cv_objdir=.libs
lt_cv_path_LD=/Applications/Xcode9.4.1.app/Contents/Developer/Toolchains/XcodeDefault.xctoolchain/usr/bin/ld
lt_cv_path_LDCXX=/Applications/Xcode9.4.1.app/Contents/Developer/Toolchains/XcodeDefault.xctoolchain/usr/bin/ld
lt_cv_path_NM='/usr/bin/nm -B'
lt_cv_path_SED=/usr/local/bin/gsed
lt_cv_prog_compiler_c_o=yes
lt_cv_prog_compiler_c_o_CXX=yes
lt_cv_prog_compiler_c_o_F77=yes
lt_cv_prog_compiler_rtti_exceptions=yes
lt_cv_prog_gnu_ld=no
lt_cv_prog_gnu_ldcxx=no
lt_cv_sys_global_symbol_pipe='sed -n -e '\''s/^.*[ 	]\([BCDEGRST][BCDEGRST]*\)[ 	][ 	]*_\([_A-Za-z][_A-Za-z0-9]*\)$/\1 _\2 \2/p'\'''
lt_cv_sys_global_symbol_to_c_name_address='sed -n -e '\''s/^: \([^ ]*\) $/  {\"\1\", (lt_ptr) 0},/p'\'' -e '\''s/^[BCDEGRST] \([^ ]*\) \([^ ]*\)$/  {"\2", (lt_ptr) \&\2},/p'\'''
lt_cv_sys_global_symbol_to_cdecl='sed -n -e '\''s/^. .* \(.*\)$/extern int \1;/p'\'''
lt_cv_sys_max_cmd_len=196608
lt_lt_cv_prog_compiler_c_o='"yes"'
lt_lt_cv_prog_compiler_c_o_CXX='"yes"'
lt_lt_cv_prog_compiler_c_o_F77='"yes"'
lt_lt_cv_sys_global_symbol_pipe='"sed -n -e '\''s/^.*[ 	]\\([BCDEGRST][BCDEGRST]*\\)[ 	][ 	]*_\\([_A-Za-z][_A-Za-z0-9]*\\)\$/\\1 _\\2 \\2/p'\''"'
lt_lt_cv_sys_global_symbol_to_c_name_address='"sed -n -e '\''s/^: \\([^ ]*\\) \$/  {\\\"\\1\\\", (lt_ptr) 0},/p'\'' -e '\''s/^[BCDEGRST] \\([^ ]*\\) \\([^ ]*\\)\$/  {\"\\2\", (lt_ptr) \\&\\2},/p'\''"'
lt_lt_cv_sys_global_symbol_to_cdecl='"sed -n -e '\''s/^. .* \\(.*\\)\$/extern int \\1;/p'\''"'

## ----------------- ##
## Output variables. ##
## ----------------- ##

AR='ar'
AS='as'
CC='gcc'
CFLAGS='-g -O2 -Wall -Wmissing-prototypes -Wstrict-prototypes -fexceptions'
CPP='gcc -E'
CPPFLAGS=''
CXX='g++'
CXXCPP='g++ -E'
CXXFLAGS='-g -O2 -Wall -fexceptions'
DEFS='-DHAVE_CONFIG_H'
DLLTOOL='dlltool'
ECHO='/bin/echo'
ECHO_C='ECHO_N=''
ECHO_T=''
EGREP='grep -E'
EXEEXT=''
F77='gfortran'
FFLAGS='-g -O2'
FILEMAP='unixfilemap'
INSTALL_DATA='${INSTALL} -m 644'
INSTALL_PROGRAM='${INSTALL}'
INSTALL_SCRIPT='${INSTALL}'
LDFLAGS=''
LIBAGE='5'
LIBCURRENT='6'
LIBOBJS=''
LIBREVISION='2'
LIBS=''
LIBTOOL='$(SHELL) $(top_builddir)/libtool'
LN_S='ln -s'
LTLIBOBJS=''
OBJDUMP='objdump'
OBJEXT='o'
PACKAGE_BUGREPORT='expat-bugs@libexpat.org'
PACKAGE_NAME='expat'
PACKAGE_STRING='expat 2.0.1'
PACKAGE_TARNAME='expat'
PACKAGE_VERSION='2.0.1'
PATH_SEPARATOR=':'
RANLIB='ranlib'
SHELL='/bin/sh'
STRIP='strip'
ac_ct_AR='ar'
ac_ct_AS=''
ac_ct_CC='gcc'
ac_ct_CXX='g++'
ac_ct_DLLTOOL=''
ac_ct_F77='gfortran'
ac_ct_OBJDUMP=''
ac_ct_RANLIB='ranlib'
ac_ct_STRIP='strip'
bindir='${exec_prefix}/bin'
build='i386-apple-darwin17.7.0'
build_alias=''
build_cpu='i386'
build_os='darwin17.7.0'
build_vendor='apple'
datadir='${prefix}/share'
exec_prefix='${prefix}'
host='i386-apple-darwin17.7.0'
host_alias=''
host_cpu='i386'
host_os='darwin17.7.0'
host_vendor='apple'
includedir='${prefix}/include'
infodir='${prefix}/info'
libdir='${exec_prefix}/lib'
libexecdir='${exec_prefix}/libexec'
localstatedir='${prefix}/var'
mandir='${prefix}/man'
oldincludedir='/usr/include'
prefix='/usr/local'
program_transform_name='s,x,x,'
sbindir='${exec_prefix}/sbin'
sharedstatedir='${prefix}/com'
sysconfdir='${prefix}/etc'
target_alias=''

## ----------- ##
## confdefs.h. ##
## ----------- ##

#define BYTEORDER 1234
#define HAVE_BCOPY 1
#define HAVE_DLFCN_H 1
#define HAVE_FCNTL_H 1
#define HAVE_GETPAGESIZE 1
#define HAVE_INTTYPES_H 1
#define HAVE_MEMMOVE 1
#define HAVE_MEMORY_H 1
#define HAVE_MMAP 1
#define HAVE_STDINT_H 1
#define HAVE_STDLIB_H 1
#define HAVE_STDLIB_H 1
#define HAVE_STRINGS_H 1
#define HAVE_STRING_H 1
#define HAVE_SYS_STAT_H 1
#define HAVE_SYS_TYPES_H 1
#define HAVE_UNISTD_H 1
#define HAVE_UNISTD_H 1
#define HAVE_UNISTD_H 1
#define PACKAGE_BUGREPORT "expat-bugs@libexpat.org"
#define PACKAGE_NAME "expat"
#define PACKAGE_STRING "expat 2.0.1"
#define PACKAGE_TARNAME "expat"
#define PACKAGE_VERSION "2.0.1"
#define STDC_HEADERS 1
#define STDC_HEADERS 1
#define XML_CONTEXT_BYTES 1024
#define XML_DTD 1
#define XML_NS 1
#endif
#ifdef __cplusplus
extern "C" void exit (int);

configure: exit 0
